-------------------------------------------------------------------------------
Test set: com.runaddictmusic.difference.TestDiagonal
-------------------------------------------------------------------------------
Tests run: 1, Failures: 1, Errors: 0, Skipped: 0, Time elapsed: 0.055 s <<< FAILURE! - in com.runaddictmusic.difference.TestDiagonal
testDiagonalWorksOn2dLists  Time elapsed: 0.047 s  <<< FAILURE!
org.opentest4j.AssertionFailedError: expected: <4> but was: <0>
	at com.runaddictmusic.difference.TestDiagonal.testDiagonalWorksOn2dLists(TestDiagonal.java:30)

