<?xml version="1.0" encoding="UTF-8"?>
<testsuite xmlns:xsi="http://www.w3.org/2001/XMLSchema-instance" xsi:noNamespaceSchemaLocation="https://maven.apache.org/surefire/maven-surefire-plugin/xsd/surefire-test-report.xsd" name="com.runaddictmusic.difference.TestDiagonal" time="0.07" tests="6" errors="0" skipped="0" failures="3">
  <properties>
[...]
</properties>
  <testcase name="testCalculateWorksOnNegativeNumberArrays" classname="com.runaddictmusic.difference.TestDiagonal" time="0.047">
    <failure message="expected: &lt;1&gt; but was: &lt;-1&gt;" type="org.opentest4j.AssertionFailedError"><![CDATA[org.opentest4j.AssertionFailedError: expected: <1> but was: <-1>
	at com.runaddictmusic.difference.TestDiagonal.testCalculateWorksOnNegativeNumberArrays(TestDiagonal.java:26)
]]></failure>
  </testcase>
  <testcase name="testCalculateGetsCorrectResultWhenPassed2dArray" classname="com.runaddictmusic.difference.TestDiagonal" time="0.002">
    <failure message="expected: &lt;2&gt; but was: &lt;-1&gt;" type="org.opentest4j.AssertionFailedError"><![CDATA[org.opentest4j.AssertionFailedError: expected: <2> but was: <-1>
	at com.runaddictmusic.difference.TestDiagonal.testCalculateGetsCorrectResultWhenPassed2dArray(TestDiagonal.java:17)
]]></failure>
  </testcase>
  <testcase name="testCalculateRejectsNonSquareArrays" classname="com.runaddictmusic.difference.TestDiagonal" time="0.001"/>
  <testcase name="testCalculateGetsCorrectResult" classname="com.runaddictmusic.difference.TestDiagonal" time="0.001"/>
  <testcase name="testCalculateRejectsNonSquareLists" classname="com.runaddictmusic.difference.TestDiagonal" time="0.001"/>
  <testcase name="testCalculateWorksOnListsWithDifferentlySignedIntegers" classname="com.runaddictmusic.difference.TestDiagonal" time="0.001">
    <failure message="expected: &lt;4&gt; but was: &lt;0&gt;" type="org.opentest4j.AssertionFailedError"><![CDATA[org.opentest4j.AssertionFailedError: expected: <4> but was: <0>
	at com.runaddictmusic.difference.TestDiagonal.testCalculateWorksOnListsWithDifferentlySignedIntegers(TestDiagonal.java:98)
]]></failure>
  </testcase>
</testsuite>